1628779647854	geckodriver	INFO	Listening on 127.0.0.1:34751
1628779647856	mozrunner::runner	INFO	Running command: "/usr/bin/firefox" "--marionette" "--no-sandbox" "-foreground" "-no-remote" "-profile" "/tmp/rust_mozprofileu3AiTI"
1628779648336	Marionette	INFO	Marionette enabled
console.warn: SearchSettings: "get: No settings file exists, new profile?" (new NotFoundError("Could not open the file at /tmp/rust_mozprofileu3AiTI/search.json.mozlz4", (void 0)))
1628779649765	Marionette	INFO	Listening on port 44595
1628779649880	Marionette	WARN	TLS certificate errors will be ignored for this session
1628779667898	geckodriver	INFO	Listening on 127.0.0.1:57055
1628779667902	mozrunner::runner	INFO	Running command: "/usr/bin/firefox" "--marionette" "--no-sandbox" "-foreground" "-no-remote" "-profile" "/tmp/rust_mozprofileCHSIQt"
1628779668386	Marionette	INFO	Marionette enabled
console.warn: SearchSettings: "get: No settings file exists, new profile?" (new NotFoundError("Could not open the file at /tmp/rust_mozprofileCHSIQt/search.json.mozlz4", (void 0)))
1628779669865	Marionette	INFO	Listening on port 45333
1628779669917	Marionette	WARN	TLS certificate errors will be ignored for this session
console.error: services.settings: 
  main/doh-providers Signature failed  InvalidSignatureError: Invalid content signature (main/doh-providers)
console.error: services.settings: 
  main/doh-providers local data was corrupted
console.warn: services.settings: main/doh-providers Signature verified failed. Retry from scratch
console.error: services.settings: 
  main/doh-config Signature failed  InvalidSignatureError: Invalid content signature (main/doh-config)
console.error: services.settings: 
  main/doh-config local data was corrupted
console.warn: services.settings: main/doh-config Signature verified failed. Retry from scratch
1628779959633	Marionette	WARN	Ignoring event 'pageshow' because document has an invalid readyState of 'interactive'.
JavaScript error: , line 0: TypeError: NetworkError when attempting to fetch resource.
JavaScript error: , line 0: TypeError: NetworkError when attempting to fetch resource.
JavaScript error: , line 0: TypeError: NetworkError when attempting to fetch resource.
JavaScript error: , line 0: uncaught exception: undefined
JavaScript error: , line 0: TypeError: NetworkError when attempting to fetch resource.
1628779997289	Marionette	WARN	Ignoring event 'DOMContentLoaded' because document has an invalid readyState of 'complete'.
JavaScript error: , line 0: uncaught exception: undefined
JavaScript error: , line 0: TypeError: NetworkError when attempting to fetch resource.
JavaScript error: , line 0: TypeError: NetworkError when attempting to fetch resource.
JavaScript error: , line 0: uncaught exception: undefined
JavaScript error: , line 0: TypeError: NetworkError when attempting to fetch resource.
JavaScript error: , line 0: TypeError: NetworkError when attempting to fetch resource.
JavaScript error: , line 0: uncaught exception: undefined
1628780028960	Marionette	WARN	Ignoring event 'DOMContentLoaded' because document has an invalid readyState of 'complete'.
JavaScript error: , line 0: uncaught exception: undefined
JavaScript error: , line 0: TypeError: NetworkError when attempting to fetch resource.
1628780039388	Marionette	WARN	Ignoring event 'DOMContentLoaded' because document has an invalid readyState of 'complete'.
JavaScript error: , line 0: TypeError: NetworkError when attempting to fetch resource.
JavaScript error: , line 0: TypeError: NetworkError when attempting to fetch resource.
console.log: WebExtensions: reset-default-search: starting.
console.log: WebExtensions: reset-default-search: No addons in our list are installed.
1628780157399	Marionette	INFO	Stopped listening on port 45333
1628780275140	geckodriver	INFO	Listening on 127.0.0.1:52677
1628780275144	mozrunner::runner	INFO	Running command: "/usr/bin/firefox" "--marionette" "--no-sandbox" "-foreground" "-no-remote" "-profile" "/tmp/rust_mozprofiledcMT4w"
1628780275622	Marionette	INFO	Marionette enabled
console.warn: SearchSettings: "get: No settings file exists, new profile?" (new NotFoundError("Could not open the file at /tmp/rust_mozprofiledcMT4w/search.json.mozlz4", (void 0)))
1628780276939	Marionette	INFO	Listening on port 34311
1628780276960	Marionette	WARN	TLS certificate errors will be ignored for this session
console.error: services.settings: 
  main/doh-providers Signature failed  InvalidSignatureError: Invalid content signature (main/doh-providers)
console.error: services.settings: 
  main/doh-providers local data was corrupted
console.warn: services.settings: main/doh-providers Signature verified failed. Retry from scratch
console.error: services.settings: 
  main/doh-config Signature failed  InvalidSignatureError: Invalid content signature (main/doh-config)
console.error: services.settings: 
  main/doh-config local data was corrupted
console.warn: services.settings: main/doh-config Signature verified failed. Retry from scratch
console.log: WebExtensions: reset-default-search: starting.
console.log: WebExtensions: reset-default-search: No addons in our list are installed.
Exiting due to channel error.
Exiting due to channel error.
Exiting due to channel error.
